# JRE version: OpenJDK Runtime Environment Temurin-17.0.18+8 (17.0.18+8) (build 17.0.18+8)
# Java VM: OpenJDK 64-Bit Server VM Temurin-17.0.18+8 (17.0.18+8, mixed mode, sharing, tiered, compressed oops, compressed class ptrs, g1 gc, windows-amd64)
GC Precious Log:
 CPUs: 4 total, 4 available
 Memory: 8025M
 Large Page Support: Disabled
 NUMA Support: Disabled
 Compressed Oops: Enabled (Zero based)
 Heap Region Size: 2M
 Heap Min Capacity: 8M
 Heap Initial Capacity: 126M
 Heap Max Capacity: 4G
 Pre-touch: Disabled
 Parallel Workers: 4
 Concurrent Workers: 1
 Concurrent Refinement Workers: 4
 Periodic GC: Disabled
Heap:
 garbage-first heap   total 354304K, used 142432K [0x0000000700000000, 0x0000000800000000)
  region size 2048K, 7 young (14336K), 3 survivors (6144K)
 Metaspace       used 134977K, committed 135808K, reserved 1179648K
  class space    used 17195K, committed 17600K, reserved 1048576K
GC Heap History (20 events):
Event: 110.594 GC heap before
{Heap before GC invocations=89 (full 0):
 garbage-first heap   total 294912K, used 250710K [0x0000000700000000, 0x0000000800000000)
  region size 2048K, 84 young (172032K), 6 survivors (12288K)
 Metaspace       used 79359K, committed 80000K, reserved 1179648K
  class space    used 10944K, committed 11264K, reserved 1048576K
}
Event: 110.602 GC heap after
{Heap after GC invocations=90 (full 0):
 garbage-first heap   total 294912K, used 90966K [0x0000000700000000, 0x0000000800000000)
  region size 2048K, 6 young (12288K), 6 survivors (12288K)
 Metaspace       used 79359K, committed 80000K, reserved 1179648K
  class space    used 10944K, committed 11264K, reserved 1048576K
}
Event: 111.235 GC heap before
{Heap before GC invocations=90 (full 0):
 garbage-first heap   total 294912K, used 250710K [0x0000000700000000, 0x0000000800000000)
  region size 2048K, 84 young (172032K), 6 survivors (12288K)
 Metaspace       used 79361K, committed 80000K, reserved 1179648K
  class space    used 10944K, committed 11264K, reserved 1048576K
}
Event: 111.242 GC heap after
{Heap after GC invocations=91 (full 0):
 garbage-first heap   total 294912K, used 90587K [0x0000000700000000, 0x0000000800000000)
  region size 2048K, 6 young (12288K), 6 survivors (12288K)
 Metaspace       used 79361K, committed 80000K, reserved 1179648K
  class space    used 10944K, committed 11264K, reserved 1048576K
}
Event: 111.893 GC heap before
{Heap before GC invocations=91 (full 0):
 garbage-first heap   total 294912K, used 250331K [0x0000000700000000, 0x0000000800000000)
  region size 2048K, 84 young (172032K), 6 survivors (12288K)
 Metaspace       used 79366K, committed 80000K, reserved 1179648K
  class space    used 10944K, committed 11264K, reserved 1048576K
}
Event: 111.901 GC heap after
{Heap after GC invocations=92 (full 0):
 garbage-first heap   total 294912K, used 92565K [0x0000000700000000, 0x0000000800000000)
  region size 2048K, 6 young (12288K), 6 survivors (12288K)
 Metaspace       used 79366K, committed 80000K, reserved 1179648K
  class space    used 10944K, committed 11264K, reserved 1048576K
}
Event: 112.537 GC heap before
{Heap before GC invocations=92 (full 0):
 garbage-first heap   total 294912K, used 250261K [0x0000000700000000, 0x0000000800000000)
  region size 2048K, 83 young (169984K), 6 survivors (12288K)
 Metaspace       used 79367K, committed 80000K, reserved 1179648K
  class space    used 10944K, committed 11264K, reserved 1048576K
}
Event: 112.543 GC heap after
{Heap after GC invocations=93 (full 0):
 garbage-first heap   total 354304K, used 89141K [0x0000000700000000, 0x0000000800000000)
  region size 2048K, 4 young (8192K), 4 survivors (8192K)
 Metaspace       used 79367K, committed 80000K, reserved 1179648K
  class space    used 10944K, committed 11264K, reserved 1048576K
}
Event: 114.927 GC heap before
{Heap before GC invocations=93 (full 0):
 garbage-first heap   total 354304K, used 304181K [0x0000000700000000, 0x0000000800000000)
  region size 2048K, 103 young (210944K), 4 survivors (8192K)
 Metaspace       used 92630K, committed 93248K, reserved 1179648K
  class space    used 12556K, committed 12864K, reserved 1048576K
}
Event: 114.956 GC heap after
{Heap after GC invocations=94 (full 0):
 garbage-first heap   total 354304K, used 116456K [0x0000000700000000, 0x0000000800000000)
  region size 2048K, 13 young (26624K), 13 survivors (26624K)
 Metaspace       used 92630K, committed 93248K, reserved 1179648K
  class space    used 12556K, committed 12864K, reserved 1048576K
}
Event: 115.271 GC heap before
{Heap before GC invocations=94 (full 0):
 garbage-first heap   total 354304K, used 138984K [0x0000000700000000, 0x0000000800000000)
  region size 2048K, 25 young (51200K), 13 survivors (26624K)
 Metaspace       used 93993K, committed 94656K, reserved 1179648K
  class space    used 12694K, committed 13056K, reserved 1048576K
}
Event: 115.294 GC heap after
{Heap after GC invocations=95 (full 0):
 garbage-first heap   total 354304K, used 120848K [0x0000000700000000, 0x0000000800000000)
  region size 2048K, 3 young (6144K), 3 survivors (6144K)
 Metaspace       used 93993K, committed 94656K, reserved 1179648K
  class space    used 12694K, committed 13056K, reserved 1048576K
}
Event: 118.626 GC heap before
{Heap before GC invocations=96 (full 0):
 garbage-first heap   total 354304K, used 272400K [0x0000000700000000, 0x0000000800000000)
  region size 2048K, 77 young (157696K), 3 survivors (6144K)
 Metaspace       used 107412K, committed 108096K, reserved 1179648K
  class space    used 14189K, committed 14528K, reserved 1048576K
}
Event: 118.644 GC heap after
{Heap after GC invocations=97 (full 0):
 garbage-first heap   total 354304K, used 126658K [0x0000000700000000, 0x0000000800000000)
  region size 2048K, 6 young (12288K), 6 survivors (12288K)
 Metaspace       used 107412K, committed 108096K, reserved 1179648K
  class space    used 14189K, committed 14528K, reserved 1048576K
}
Event: 118.738 GC heap before
{Heap before GC invocations=97 (full 0):
 garbage-first heap   total 354304K, used 130754K [0x0000000700000000, 0x0000000800000000)
  region size 2048K, 8 young (16384K), 6 survivors (12288K)
 Metaspace       used 107943K, committed 108672K, reserved 1179648K
  class space    used 14246K, committed 14592K, reserved 1048576K
}
Event: 118.751 GC heap after
{Heap after GC invocations=98 (full 0):
 garbage-first heap   total 354304K, used 125668K [0x0000000700000000, 0x0000000800000000)
  region size 2048K, 1 young (2048K), 1 survivors (2048K)
 Metaspace       used 107943K, committed 108672K, reserved 1179648K
  class space    used 14246K, committed 14592K, reserved 1048576K
}
Event: 122.943 GC heap before
{Heap before GC invocations=98 (full 0):
 garbage-first heap   total 354304K, used 277220K [0x0000000700000000, 0x0000000800000000)
  region size 2048K, 75 young (153600K), 1 survivors (2048K)
 Metaspace       used 119471K, committed 120256K, reserved 1179648K
  class space    used 15448K, committed 15808K, reserved 1048576K
}
Event: 122.964 GC heap after
{Heap after GC invocations=99 (full 0):
 garbage-first heap   total 354304K, used 137382K [0x0000000700000000, 0x0000000800000000)
  region size 2048K, 7 young (14336K), 7 survivors (14336K)
 Metaspace       used 119471K, committed 120256K, reserved 1179648K
  class space    used 15448K, committed 15808K, reserved 1048576K
}
Event: 130.273 GC heap before
{Heap before GC invocations=100 (full 0):
 garbage-first heap   total 354304K, used 278694K [0x0000000700000000, 0x0000000800000000)
  region size 2048K, 76 young (155648K), 7 survivors (14336K)
 Metaspace       used 134647K, committed 135488K, reserved 1179648K
  class space    used 17143K, committed 17536K, reserved 1048576K
}
Event: 130.298 GC heap after
{Heap after GC invocations=101 (full 0):
 garbage-first heap   total 354304K, used 136288K [0x0000000700000000, 0x0000000800000000)
  region size 2048K, 3 young (6144K), 3 survivors (6144K)
 Metaspace       used 134647K, committed 135488K, reserved 1179648K
  class space    used 17143K, committed 17536K, reserved 1048576K
}

