# JRE version: OpenJDK Runtime Environment Temurin-17.0.18+8 (17.0.18+8) (build 17.0.18+8)
# Java VM: OpenJDK 64-Bit Server VM Temurin-17.0.18+8 (17.0.18+8, mixed mode, sharing, tiered, compressed oops, compressed class ptrs, g1 gc, windows-amd64)
GC Precious Log:
 CPUs: 4 total, 4 available
 Memory: 8025M
 Large Page Support: Disabled
 NUMA Support: Disabled
 Compressed Oops: Enabled (Zero based)
 Heap Region Size: 2M
 Heap Min Capacity: 8M
 Heap Initial Capacity: 126M
 Heap Max Capacity: 4G
 Pre-touch: Disabled
 Parallel Workers: 4
 Concurrent Workers: 1
 Concurrent Refinement Workers: 4
 Periodic GC: Disabled
Heap:
 garbage-first heap   total 829440K, used 257104K [0x0000000700000000, 0x0000000800000000)
  region size 2048K, 70 young (143360K), 13 survivors (26624K)
 Metaspace       used 133295K, committed 134016K, reserved 1179648K
  class space    used 16028K, committed 16384K, reserved 1048576K
GC Heap History (20 events):
Event: 7147.903 GC heap before
{Heap before GC invocations=76 (full 0):
 garbage-first heap   total 307200K, used 252731K [0x0000000700000000, 0x0000000800000000)
  region size 2048K, 90 young (184320K), 9 survivors (18432K)
 Metaspace       used 74902K, committed 75584K, reserved 1114112K
  class space    used 9758K, committed 10112K, reserved 1048576K
}
Event: 7147.957 GC heap after
{Heap after GC invocations=77 (full 0):
 garbage-first heap   total 307200K, used 97288K [0x0000000700000000, 0x0000000800000000)
  region size 2048K, 6 young (12288K), 6 survivors (12288K)
 Metaspace       used 74902K, committed 75584K, reserved 1114112K
  class space    used 9758K, committed 10112K, reserved 1048576K
}
Event: 7147.971 GC heap before
{Heap before GC invocations=77 (full 0):
 garbage-first heap   total 307200K, used 99336K [0x0000000700000000, 0x0000000800000000)
  region size 2048K, 7 young (14336K), 6 survivors (12288K)
 Metaspace       used 74907K, committed 75584K, reserved 1114112K
  class space    used 9758K, committed 10112K, reserved 1048576K
}
Event: 7147.990 GC heap after
{Heap after GC invocations=78 (full 0):
 garbage-first heap   total 307200K, used 89991K [0x0000000700000000, 0x0000000800000000)
  region size 2048K, 1 young (2048K), 1 survivors (2048K)
 Metaspace       used 74907K, committed 75584K, reserved 1114112K
  class space    used 9758K, committed 10112K, reserved 1048576K
}
Event: 7162.304 GC heap before
{Heap before GC invocations=78 (full 0):
 garbage-first heap   total 307200K, used 247687K [0x0000000700000000, 0x0000000800000000)
  region size 2048K, 78 young (159744K), 1 survivors (2048K)
 Metaspace       used 87728K, committed 88384K, reserved 1179648K
  class space    used 10970K, committed 11328K, reserved 1048576K
}
Event: 7162.330 GC heap after
{Heap after GC invocations=79 (full 0):
 garbage-first heap   total 307200K, used 101819K [0x0000000700000000, 0x0000000800000000)
  region size 2048K, 7 young (14336K), 7 survivors (14336K)
 Metaspace       used 87728K, committed 88384K, reserved 1179648K
  class space    used 10970K, committed 11328K, reserved 1048576K
}
Event: 7170.679 GC heap before
{Heap before GC invocations=80 (full 0):
 garbage-first heap   total 307200K, used 245935K [0x0000000700000000, 0x0000000800000000)
  region size 2048K, 77 young (157696K), 7 survivors (14336K)
 Metaspace       used 98024K, committed 98688K, reserved 1179648K
  class space    used 11952K, committed 12288K, reserved 1048576K
}
Event: 7170.730 GC heap after
{Heap after GC invocations=81 (full 0):
 garbage-first heap   total 307200K, used 113408K [0x0000000700000000, 0x0000000800000000)
  region size 2048K, 6 young (12288K), 6 survivors (12288K)
 Metaspace       used 98024K, committed 98688K, reserved 1179648K
  class space    used 11952K, committed 12288K, reserved 1048576K
}
Event: 7170.789 GC heap before
{Heap before GC invocations=81 (full 0):
 garbage-first heap   total 307200K, used 115456K [0x0000000700000000, 0x0000000800000000)
  region size 2048K, 7 young (14336K), 6 survivors (12288K)
 Metaspace       used 98291K, committed 98880K, reserved 1179648K
  class space    used 11969K, committed 12288K, reserved 1048576K
}
Event: 7170.815 GC heap after
{Heap after GC invocations=82 (full 0):
 garbage-first heap   total 307200K, used 113122K [0x0000000700000000, 0x0000000800000000)
  region size 2048K, 1 young (2048K), 1 survivors (2048K)
 Metaspace       used 98291K, committed 98880K, reserved 1179648K
  class space    used 11969K, committed 12288K, reserved 1048576K
}
Event: 7176.164 GC heap before
{Heap before GC invocations=82 (full 0):
 garbage-first heap   total 307200K, used 252386K [0x0000000700000000, 0x0000000800000000)
  region size 2048K, 66 young (135168K), 1 survivors (2048K)
 Metaspace       used 109441K, committed 110080K, reserved 1179648K
  class space    used 12926K, committed 13248K, reserved 1048576K
}
Event: 7176.180 GC heap after
{Heap after GC invocations=83 (full 0):
 garbage-first heap   total 829440K, used 124434K [0x0000000700000000, 0x0000000800000000)
  region size 2048K, 4 young (8192K), 4 survivors (8192K)
 Metaspace       used 109441K, committed 110080K, reserved 1179648K
  class space    used 12926K, committed 13248K, reserved 1048576K
}
Event: 7183.069 GC heap before
{Heap before GC invocations=83 (full 0):
 garbage-first heap   total 829440K, used 613906K [0x0000000700000000, 0x0000000800000000)
  region size 2048K, 243 young (497664K), 4 survivors (8192K)
 Metaspace       used 109483K, committed 110144K, reserved 1179648K
  class space    used 12931K, committed 13248K, reserved 1048576K
}
Event: 7183.086 GC heap after
{Heap after GC invocations=84 (full 0):
 garbage-first heap   total 829440K, used 126413K [0x0000000700000000, 0x0000000800000000)
  region size 2048K, 5 young (10240K), 5 survivors (10240K)
 Metaspace       used 109483K, committed 110144K, reserved 1179648K
  class space    used 12931K, committed 13248K, reserved 1048576K
}
Event: 7187.504 GC heap before
{Heap before GC invocations=84 (full 0):
 garbage-first heap   total 829440K, used 619981K [0x0000000700000000, 0x0000000800000000)
  region size 2048K, 243 young (497664K), 5 survivors (10240K)
 Metaspace       used 111438K, committed 112128K, reserved 1179648K
  class space    used 13125K, committed 13440K, reserved 1048576K
}
Event: 7187.520 GC heap after
{Heap after GC invocations=85 (full 0):
 garbage-first heap   total 829440K, used 127466K [0x0000000700000000, 0x0000000800000000)
  region size 2048K, 5 young (10240K), 5 survivors (10240K)
 Metaspace       used 111438K, committed 112128K, reserved 1179648K
  class space    used 13125K, committed 13440K, reserved 1048576K
}
Event: 7194.116 GC heap before
{Heap before GC invocations=85 (full 0):
 garbage-first heap   total 829440K, used 614890K [0x0000000700000000, 0x0000000800000000)
  region size 2048K, 243 young (497664K), 5 survivors (10240K)
 Metaspace       used 111513K, committed 112128K, reserved 1179648K
  class space    used 13137K, committed 13440K, reserved 1048576K
}
Event: 7194.125 GC heap after
{Heap after GC invocations=86 (full 0):
 garbage-first heap   total 829440K, used 118709K [0x0000000700000000, 0x0000000800000000)
  region size 2048K, 4 young (8192K), 4 survivors (8192K)
 Metaspace       used 111513K, committed 112128K, reserved 1179648K
  class space    used 13137K, committed 13440K, reserved 1048576K
}
Event: 7205.713 GC heap before
{Heap before GC invocations=86 (full 0):
 garbage-first heap   total 829440K, used 618421K [0x0000000700000000, 0x0000000800000000)
  region size 2048K, 243 young (497664K), 4 survivors (8192K)
 Metaspace       used 122624K, committed 123328K, reserved 1179648K
  class space    used 14656K, committed 14976K, reserved 1048576K
}
Event: 7205.758 GC heap after
{Heap after GC invocations=87 (full 0):
 garbage-first heap   total 829440K, used 142416K [0x0000000700000000, 0x0000000800000000)
  region size 2048K, 13 young (26624K), 13 survivors (26624K)
 Metaspace       used 122624K, committed 123328K, reserved 1179648K
  class space    used 14656K, committed 14976K, reserved 1048576K
}

